f:\visualstudiocode\spark2d\spark_editor\x64\debug\main.obj
f:\visualstudiocode\spark2d\spark_editor\x64\debug\application.obj
f:\visualstudiocode\spark2d\spark_editor\x64\debug\spark_editor.ilk
f:\visualstudiocode\spark2d\spark_editor\x64\debug\vc143.idb
f:\visualstudiocode\spark2d\spark_editor\x64\debug\vc145.idb
f:\visualstudiocode\spark2d\spark_editor\x64\debug\vc143.pdb
f:\visualstudiocode\spark2d\spark_editor\x64\debug\vc145.pdb
f:\visualstudiocode\spark2d\x64\debug\spark_editor.pdb
f:\visualstudiocode\spark2d\spark_editor\x64\debug\spark_editor.tlog\cl.command.1.tlog
f:\visualstudiocode\spark2d\spark_editor\x64\debug\spark_editor.tlog\cl.items.tlog
f:\visualstudiocode\spark2d\spark_editor\x64\debug\spark_editor.tlog\cl.read.1.tlog
f:\visualstudiocode\spark2d\spark_editor\x64\debug\spark_editor.tlog\cl.write.1.tlog
f:\visualstudiocode\spark2d\spark_editor\x64\debug\spark_editor.tlog\link.22852-cvtres.read.1.tlog
f:\visualstudiocode\spark2d\spark_editor\x64\debug\spark_editor.tlog\link.22852-cvtres.write.1.tlog
f:\visualstudiocode\spark2d\spark_editor\x64\debug\spark_editor.tlog\link.22852-rc.read.1.tlog
f:\visualstudiocode\spark2d\spark_editor\x64\debug\spark_editor.tlog\link.22852-rc.write.1.tlog
f:\visualstudiocode\spark2d\spark_editor\x64\debug\spark_editor.tlog\link.22852.read.1.tlog
f:\visualstudiocode\spark2d\spark_editor\x64\debug\spark_editor.tlog\link.22852.read.2.tlog
f:\visualstudiocode\spark2d\spark_editor\x64\debug\spark_editor.tlog\link.22852.read.3.tlog
f:\visualstudiocode\spark2d\spark_editor\x64\debug\spark_editor.tlog\link.22852.read.4.tlog
f:\visualstudiocode\spark2d\spark_editor\x64\debug\spark_editor.tlog\link.22852.write.1.tlog
f:\visualstudiocode\spark2d\spark_editor\x64\debug\spark_editor.tlog\link.command.1.tlog
f:\visualstudiocode\spark2d\spark_editor\x64\debug\spark_editor.tlog\link.read.1.tlog
f:\visualstudiocode\spark2d\spark_editor\x64\debug\spark_editor.tlog\link.secondary.1.tlog
f:\visualstudiocode\spark2d\spark_editor\x64\debug\spark_editor.tlog\link.write.1.tlog
