f:\visualstudiocode\spark2d\spark_core\x64\debug\scriptingsystem.obj
f:\visualstudiocode\spark2d\spark_core\x64\debug\rendersystem.obj
f:\visualstudiocode\spark2d\spark_core\x64\debug\animationsystem.obj
f:\visualstudiocode\spark2d\spark_core\x64\debug\inputmanager.obj
f:\visualstudiocode\spark2d\spark_core\x64\debug\glmluabindings.obj
f:\visualstudiocode\spark2d\spark_core\x64\debug\assetmanager.obj
f:\visualstudiocode\spark2d\spark_core\x64\debug\registry.obj
f:\visualstudiocode\spark2d\spark_core\x64\debug\metautilities.obj
f:\visualstudiocode\spark2d\spark_core\x64\debug\entity.obj
f:\visualstudiocode\spark2d\spark_core\x64\debug\transformcomponent.obj
f:\visualstudiocode\spark2d\spark_core\x64\debug\spritecomponent.obj
f:\visualstudiocode\spark2d\spark_core\x64\debug\animationcomponent.obj
f:\visualstudiocode\spark2d\spark_core\x64\debug\circlecollidercomponent.obj
f:\visualstudiocode\spark2d\spark_core\x64\debug\boxcollidercomponent.obj
f:\visualstudiocode\spark2d\spark_core\x64\debug\soundbindings.obj
f:\visualstudiocode\spark2d\spark_core\x64\debug\rendererbindings.obj
f:\visualstudiocode\spark2d\spark_core\x64\debug\physicssystem.obj
f:\visualstudiocode\spark2d\spark_core\x64\debug\physicscomponent.obj
f:\visualstudiocode\spark2d\x64\debug\spark_core.lib
f:\visualstudiocode\spark2d\spark_core\x64\debug\spark_core.tlog\cl.command.1.tlog
f:\visualstudiocode\spark2d\spark_core\x64\debug\spark_core.tlog\cl.items.tlog
f:\visualstudiocode\spark2d\spark_core\x64\debug\spark_core.tlog\cl.read.1.tlog
f:\visualstudiocode\spark2d\spark_core\x64\debug\spark_core.tlog\cl.write.1.tlog
f:\visualstudiocode\spark2d\spark_core\x64\debug\spark_core.tlog\lib-link.read.1.tlog
f:\visualstudiocode\spark2d\spark_core\x64\debug\spark_core.tlog\lib-link.write.1.tlog
f:\visualstudiocode\spark2d\spark_core\x64\debug\spark_core.tlog\lib.command.1.tlog
