  image_dxt.c
  image_helper.c
  stb_image-1.09.c
  stb_image-1.16.c
  soil.c
F:\VisualStudioCode\Spark2D\SOIL\src\image_helper.c(325,17): warning C4244: “初始化”: 从“double”转换到“float”，可能丢失数据
F:\VisualStudioCode\Spark2D\SOIL\src\image_helper.c(366,13): warning C4244: “=”: 从“double”转换到“float”，可能丢失数据
F:\VisualStudioCode\Spark2D\SOIL\src\image_helper.c(373,20): warning C4244: “=”: 从“float”转换到“int”，可能丢失数据
F:\VisualStudioCode\Spark2D\SOIL\src\image_helper.c(415,13): warning C4244: “=”: 从“double”转换到“float”，可能丢失数据
F:\VisualStudioCode\Spark2D\SOIL\src\image_helper.c(422,20): warning C4244: “=”: 从“float”转换到“int”，可能丢失数据
F:\VisualStudioCode\Spark2D\SOIL\src\soil.c(1719,36): warning C4018: “<=”: 有符号/无符号不匹配
F:\VisualStudioCode\Spark2D\SOIL\src\soil.c(1729,19): warning C4018: “<”: 有符号/无符号不匹配
F:\VisualStudioCode\Spark2D\SOIL\src\soil.c(1867,39): warning C4267: “函数”: 从“size_t”转换到“int”，可能丢失数据
  stb_image_aug.c
F:\VisualStudioCode\Spark2D\SOIL\include\SOIL\stbi_dds_aug_c.h(362,19): warning C4018: “>”: 有符号/无符号不匹配
  正在生成代码...
  (编译源文件“src/stb_image_aug.c”)
  
F:\VisualStudioCode\Spark2D\SOIL\include\SOIL\stbi_dds_aug_c.h(366,19): warning C4018: “>”: 有符号/无符号不匹配
  (编译源文件“src/stb_image_aug.c”)
  
F:\VisualStudioCode\Spark2D\SOIL\include\SOIL\stbi_dds_aug_c.h(390,19): warning C4018: “<”: 有符号/无符号不匹配
  (编译源文件“src/stb_image_aug.c”)
  
F:\VisualStudioCode\Spark2D\SOIL\include\SOIL\stbi_dds_aug_c.h(427,19): warning C4018: “<”: 有符号/无符号不匹配
  (编译源文件“src/stb_image_aug.c”)
  
stb_image-1.16.obj : warning LNK4006: stbi_write_bmp 已在 stb_image_aug.obj 中定义；已忽略第二个定义
stb_image-1.16.obj : warning LNK4006: stbi_write_tga 已在 stb_image_aug.obj 中定义；已忽略第二个定义
stb_image-1.16.obj : warning LNK4006: stbi_load 已在 stb_image_aug.obj 中定义；已忽略第二个定义
stb_image-1.16.obj : warning LNK4006: stbi_load_from_file 已在 stb_image_aug.obj 中定义；已忽略第二个定义
stb_image-1.16.obj : warning LNK4006: stbi_load_from_memory 已在 stb_image_aug.obj 中定义；已忽略第二个定义
stb_image-1.16.obj : warning LNK4006: stbi_loadf 已在 stb_image_aug.obj 中定义；已忽略第二个定义
stb_image-1.16.obj : warning LNK4006: stbi_loadf_from_file 已在 stb_image_aug.obj 中定义；已忽略第二个定义
stb_image-1.16.obj : warning LNK4006: stbi_loadf_from_memory 已在 stb_image_aug.obj 中定义；已忽略第二个定义
stb_image-1.16.obj : warning LNK4006: stbi_hdr_to_ldr_gamma 已在 stb_image_aug.obj 中定义；已忽略第二个定义
stb_image-1.16.obj : warning LNK4006: stbi_hdr_to_ldr_scale 已在 stb_image_aug.obj 中定义；已忽略第二个定义
stb_image-1.16.obj : warning LNK4006: stbi_ldr_to_hdr_gamma 已在 stb_image_aug.obj 中定义；已忽略第二个定义
stb_image-1.16.obj : warning LNK4006: stbi_ldr_to_hdr_scale 已在 stb_image_aug.obj 中定义；已忽略第二个定义
stb_image-1.16.obj : warning LNK4006: stbi_failure_reason 已在 stb_image_aug.obj 中定义；已忽略第二个定义
stb_image-1.16.obj : warning LNK4006: stbi_image_free 已在 stb_image_aug.obj 中定义；已忽略第二个定义
stb_image-1.16.obj : warning LNK4006: stbi_is_hdr_from_memory 已在 stb_image_aug.obj 中定义；已忽略第二个定义
stb_image-1.16.obj : warning LNK4006: stbi_is_hdr 已在 stb_image_aug.obj 中定义；已忽略第二个定义
stb_image-1.16.obj : warning LNK4006: stbi_is_hdr_from_file 已在 stb_image_aug.obj 中定义；已忽略第二个定义
stb_image-1.16.obj : warning LNK4006: stbi_zlib_decode_malloc_guesssize 已在 stb_image_aug.obj 中定义；已忽略第二个定义
stb_image-1.16.obj : warning LNK4006: stbi_zlib_decode_malloc 已在 stb_image_aug.obj 中定义；已忽略第二个定义
stb_image-1.16.obj : warning LNK4006: stbi_zlib_decode_buffer 已在 stb_image_aug.obj 中定义；已忽略第二个定义
stb_image-1.16.obj : warning LNK4006: stbi_zlib_decode_noheader_malloc 已在 stb_image_aug.obj 中定义；已忽略第二个定义
stb_image-1.16.obj : warning LNK4006: stbi_zlib_decode_noheader_buffer 已在 stb_image_aug.obj 中定义；已忽略第二个定义
stb_image-1.16.obj : warning LNK4006: stbi_jpeg_test_memory 已在 stb_image_aug.obj 中定义；已忽略第二个定义
stb_image-1.16.obj : warning LNK4006: stbi_jpeg_load_from_memory 已在 stb_image_aug.obj 中定义；已忽略第二个定义
stb_image-1.16.obj : warning LNK4006: stbi_jpeg_load 已在 stb_image_aug.obj 中定义；已忽略第二个定义
stb_image-1.16.obj : warning LNK4006: stbi_jpeg_test_file 已在 stb_image_aug.obj 中定义；已忽略第二个定义
stb_image-1.16.obj : warning LNK4006: stbi_jpeg_load_from_file 已在 stb_image_aug.obj 中定义；已忽略第二个定义
stb_image-1.16.obj : warning LNK4006: stbi_png_test_memory 已在 stb_image_aug.obj 中定义；已忽略第二个定义
stb_image-1.16.obj : warning LNK4006: stbi_png_load_from_memory 已在 stb_image_aug.obj 中定义；已忽略第二个定义
stb_image-1.16.obj : warning LNK4006: stbi_png_load 已在 stb_image_aug.obj 中定义；已忽略第二个定义
stb_image-1.16.obj : warning LNK4006: stbi_png_test_file 已在 stb_image_aug.obj 中定义；已忽略第二个定义
stb_image-1.16.obj : warning LNK4006: stbi_png_load_from_file 已在 stb_image_aug.obj 中定义；已忽略第二个定义
stb_image-1.16.obj : warning LNK4006: stbi_bmp_test_memory 已在 stb_image_aug.obj 中定义；已忽略第二个定义
stb_image-1.16.obj : warning LNK4006: stbi_bmp_load 已在 stb_image_aug.obj 中定义；已忽略第二个定义
stb_image-1.16.obj : warning LNK4006: stbi_bmp_load_from_memory 已在 stb_image_aug.obj 中定义；已忽略第二个定义
stb_image-1.16.obj : warning LNK4006: stbi_bmp_test_file 已在 stb_image_aug.obj 中定义；已忽略第二个定义
stb_image-1.16.obj : warning LNK4006: stbi_bmp_load_from_file 已在 stb_image_aug.obj 中定义；已忽略第二个定义
stb_image-1.16.obj : warning LNK4006: stbi_tga_test_memory 已在 stb_image_aug.obj 中定义；已忽略第二个定义
stb_image-1.16.obj : warning LNK4006: stbi_tga_load 已在 stb_image_aug.obj 中定义；已忽略第二个定义
stb_image-1.16.obj : warning LNK4006: stbi_tga_load_from_memory 已在 stb_image_aug.obj 中定义；已忽略第二个定义
stb_image-1.16.obj : warning LNK4006: stbi_tga_test_file 已在 stb_image_aug.obj 中定义；已忽略第二个定义
stb_image-1.16.obj : warning LNK4006: stbi_tga_load_from_file 已在 stb_image_aug.obj 中定义；已忽略第二个定义
stb_image-1.16.obj : warning LNK4006: stbi_psd_test_memory 已在 stb_image_aug.obj 中定义；已忽略第二个定义
stb_image-1.16.obj : warning LNK4006: stbi_psd_load 已在 stb_image_aug.obj 中定义；已忽略第二个定义
stb_image-1.16.obj : warning LNK4006: stbi_psd_load_from_memory 已在 stb_image_aug.obj 中定义；已忽略第二个定义
stb_image-1.16.obj : warning LNK4006: stbi_psd_test_file 已在 stb_image_aug.obj 中定义；已忽略第二个定义
stb_image-1.16.obj : warning LNK4006: stbi_psd_load_from_file 已在 stb_image_aug.obj 中定义；已忽略第二个定义
stb_image-1.16.obj : warning LNK4006: stbi_hdr_test_memory 已在 stb_image_aug.obj 中定义；已忽略第二个定义
stb_image-1.16.obj : warning LNK4006: stbi_hdr_load_from_memory 已在 stb_image_aug.obj 中定义；已忽略第二个定义
stb_image-1.16.obj : warning LNK4006: stbi_hdr_test_file 已在 stb_image_aug.obj 中定义；已忽略第二个定义
stb_image-1.16.obj : warning LNK4006: stbi_hdr_load_from_file 已在 stb_image_aug.obj 中定义；已忽略第二个定义
stb_image-1.16.obj : warning LNK4006: stbi_register_loader 已在 stb_image_aug.obj 中定义；已忽略第二个定义
stb_image-1.09.obj : warning LNK4006: stbi_write_bmp 已在 stb_image_aug.obj 中定义；已忽略第二个定义
stb_image-1.09.obj : warning LNK4006: stbi_write_tga 已在 stb_image_aug.obj 中定义；已忽略第二个定义
stb_image-1.09.obj : warning LNK4006: stbi_load 已在 stb_image_aug.obj 中定义；已忽略第二个定义
stb_image-1.09.obj : warning LNK4006: stbi_load_from_file 已在 stb_image_aug.obj 中定义；已忽略第二个定义
stb_image-1.09.obj : warning LNK4006: stbi_load_from_memory 已在 stb_image_aug.obj 中定义；已忽略第二个定义
stb_image-1.09.obj : warning LNK4006: stbi_loadf 已在 stb_image_aug.obj 中定义；已忽略第二个定义
stb_image-1.09.obj : warning LNK4006: stbi_loadf_from_file 已在 stb_image_aug.obj 中定义；已忽略第二个定义
stb_image-1.09.obj : warning LNK4006: stbi_loadf_from_memory 已在 stb_image_aug.obj 中定义；已忽略第二个定义
stb_image-1.09.obj : warning LNK4006: stbi_hdr_to_ldr_gamma 已在 stb_image_aug.obj 中定义；已忽略第二个定义
stb_image-1.09.obj : warning LNK4006: stbi_hdr_to_ldr_scale 已在 stb_image_aug.obj 中定义；已忽略第二个定义
stb_image-1.09.obj : warning LNK4006: stbi_ldr_to_hdr_gamma 已在 stb_image_aug.obj 中定义；已忽略第二个定义
stb_image-1.09.obj : warning LNK4006: stbi_ldr_to_hdr_scale 已在 stb_image_aug.obj 中定义；已忽略第二个定义
stb_image-1.09.obj : warning LNK4006: stbi_failure_reason 已在 stb_image_aug.obj 中定义；已忽略第二个定义
stb_image-1.09.obj : warning LNK4006: stbi_image_free 已在 stb_image_aug.obj 中定义；已忽略第二个定义
stb_image-1.09.obj : warning LNK4006: stbi_is_hdr_from_memory 已在 stb_image_aug.obj 中定义；已忽略第二个定义
stb_image-1.09.obj : warning LNK4006: stbi_is_hdr 已在 stb_image_aug.obj 中定义；已忽略第二个定义
stb_image-1.09.obj : warning LNK4006: stbi_is_hdr_from_file 已在 stb_image_aug.obj 中定义；已忽略第二个定义
stb_image-1.09.obj : warning LNK4006: stbi_zlib_decode_malloc_guesssize 已在 stb_image_aug.obj 中定义；已忽略第二个定义
stb_image-1.09.obj : warning LNK4006: stbi_zlib_decode_malloc 已在 stb_image_aug.obj 中定义；已忽略第二个定义
stb_image-1.09.obj : warning LNK4006: stbi_zlib_decode_buffer 已在 stb_image_aug.obj 中定义；已忽略第二个定义
stb_image-1.09.obj : warning LNK4006: stbi_zlib_decode_noheader_malloc 已在 stb_image_aug.obj 中定义；已忽略第二个定义
stb_image-1.09.obj : warning LNK4006: stbi_zlib_decode_noheader_buffer 已在 stb_image_aug.obj 中定义；已忽略第二个定义
stb_image-1.09.obj : warning LNK4006: stbi_jpeg_test_memory 已在 stb_image_aug.obj 中定义；已忽略第二个定义
stb_image-1.09.obj : warning LNK4006: stbi_jpeg_load_from_memory 已在 stb_image_aug.obj 中定义；已忽略第二个定义
stb_image-1.09.obj : warning LNK4006: stbi_jpeg_load 已在 stb_image_aug.obj 中定义；已忽略第二个定义
stb_image-1.09.obj : warning LNK4006: stbi_jpeg_test_file 已在 stb_image_aug.obj 中定义；已忽略第二个定义
stb_image-1.09.obj : warning LNK4006: stbi_jpeg_load_from_file 已在 stb_image_aug.obj 中定义；已忽略第二个定义
stb_image-1.09.obj : warning LNK4006: stbi_png_test_memory 已在 stb_image_aug.obj 中定义；已忽略第二个定义
stb_image-1.09.obj : warning LNK4006: stbi_png_load_from_memory 已在 stb_image_aug.obj 中定义；已忽略第二个定义
stb_image-1.09.obj : warning LNK4006: stbi_png_load 已在 stb_image_aug.obj 中定义；已忽略第二个定义
stb_image-1.09.obj : warning LNK4006: stbi_png_test_file 已在 stb_image_aug.obj 中定义；已忽略第二个定义
stb_image-1.09.obj : warning LNK4006: stbi_png_load_from_file 已在 stb_image_aug.obj 中定义；已忽略第二个定义
stb_image-1.09.obj : warning LNK4006: stbi_bmp_test_memory 已在 stb_image_aug.obj 中定义；已忽略第二个定义
stb_image-1.09.obj : warning LNK4006: stbi_bmp_load 已在 stb_image_aug.obj 中定义；已忽略第二个定义
stb_image-1.09.obj : warning LNK4006: stbi_bmp_load_from_memory 已在 stb_image_aug.obj 中定义；已忽略第二个定义
stb_image-1.09.obj : warning LNK4006: stbi_bmp_test_file 已在 stb_image_aug.obj 中定义；已忽略第二个定义
stb_image-1.09.obj : warning LNK4006: stbi_bmp_load_from_file 已在 stb_image_aug.obj 中定义；已忽略第二个定义
stb_image-1.09.obj : warning LNK4006: stbi_tga_test_memory 已在 stb_image_aug.obj 中定义；已忽略第二个定义
stb_image-1.09.obj : warning LNK4006: stbi_tga_load 已在 stb_image_aug.obj 中定义；已忽略第二个定义
stb_image-1.09.obj : warning LNK4006: stbi_tga_load_from_memory 已在 stb_image_aug.obj 中定义；已忽略第二个定义
stb_image-1.09.obj : warning LNK4006: stbi_tga_test_file 已在 stb_image_aug.obj 中定义；已忽略第二个定义
stb_image-1.09.obj : warning LNK4006: stbi_tga_load_from_file 已在 stb_image_aug.obj 中定义；已忽略第二个定义
stb_image-1.09.obj : warning LNK4006: stbi_psd_test_memory 已在 stb_image_aug.obj 中定义；已忽略第二个定义
stb_image-1.09.obj : warning LNK4006: stbi_psd_load 已在 stb_image_aug.obj 中定义；已忽略第二个定义
stb_image-1.09.obj : warning LNK4006: stbi_psd_load_from_memory 已在 stb_image_aug.obj 中定义；已忽略第二个定义
stb_image-1.09.obj : warning LNK4006: stbi_psd_test_file 已在 stb_image_aug.obj 中定义；已忽略第二个定义
stb_image-1.09.obj : warning LNK4006: stbi_psd_load_from_file 已在 stb_image_aug.obj 中定义；已忽略第二个定义
stb_image-1.09.obj : warning LNK4006: stbi_hdr_test_memory 已在 stb_image_aug.obj 中定义；已忽略第二个定义
stb_image-1.09.obj : warning LNK4006: stbi_hdr_load_from_memory 已在 stb_image_aug.obj 中定义；已忽略第二个定义
stb_image-1.09.obj : warning LNK4006: stbi_hdr_test_file 已在 stb_image_aug.obj 中定义；已忽略第二个定义
stb_image-1.09.obj : warning LNK4006: stbi_hdr_load_from_file 已在 stb_image_aug.obj 中定义；已忽略第二个定义
stb_image-1.09.obj : warning LNK4006: stbi_register_loader 已在 stb_image_aug.obj 中定义；已忽略第二个定义
  SOIL.vcxproj -> F:\VisualStudioCode\Spark2D\x64\Debug\SOIL.lib
